<?xml version="1.0" encoding="UTF-8"?>
<!-- Generated by org.testng.reporters.JUnitReportReporter -->
<testsuite skipped="0" hostname="DESKTOP-KQVV1BD" name="smoketesting.LoginPresentTestNG" tests="1" failures="0" timestamp="31 Dec 2018 03:54:17 GMT" time="3.648" errors="0">
  <testcase name="loginElement" time="3.648" classname="smoketesting.LoginPresentTestNG"/>
</testsuite> <!-- smoketesting.LoginPresentTestNG -->
